<?xml version="1.0" encoding="UTF-8"?>
<testng-results ignored="0" total="1" passed="1" failed="0" skipped="0">
  <reporter-output>
  </reporter-output>
  <suite started-at="2024-01-08T19:21:16 CST" name="Default suite" finished-at="2024-01-08T19:21:26 CST" duration-ms="10655">
    <groups>
    </groups>
    <test started-at="2024-01-08T19:21:16 CST" name="Default test" finished-at="2024-01-08T19:21:26 CST" duration-ms="10655">
      <class name="com.qa.TN.Testcases.HomepageTest">
        <test-method is-config="true" signature="setup()[pri:0, instance:com.qa.TN.Testcases.HomepageTest@2d52216b]" started-at="2024-01-08T19:21:16 CST" name="setup" finished-at="2024-01-08T19:21:24 CST" duration-ms="8557" status="PASS">
          <reporter-output>
          </reporter-output>
        </test-method> <!-- setup -->
        <test-method signature="homepageLinksVerifaction()[pri:0, instance:com.qa.TN.Testcases.HomepageTest@2d52216b]" started-at="2024-01-08T19:21:24 CST" name="homepageLinksVerifaction" finished-at="2024-01-08T19:21:26 CST" duration-ms="2038" status="PASS">
          <reporter-output>
          </reporter-output>
        </test-method> <!-- homepageLinksVerifaction -->
      </class> <!-- com.qa.TN.Testcases.HomepageTest -->
    </test> <!-- Default test -->
  </suite> <!-- Default suite -->
</testng-results>
