<?xml version="1.0" encoding="UTF-8"?>
<testng-results ignored="0" total="1" passed="1" failed="0" skipped="0">
  <reporter-output>
  </reporter-output>
  <suite started-at="2024-01-10T01:45:52 CST" name="Default suite" finished-at="2024-01-10T01:46:00 CST" duration-ms="7867">
    <groups>
    </groups>
    <test started-at="2024-01-10T01:45:52 CST" name="Default test" finished-at="2024-01-10T01:46:00 CST" duration-ms="7867">
      <class name="com.qa.TN.Testcases.HomepageTest">
        <test-method is-config="true" signature="setup()[pri:0, instance:com.qa.TN.Testcases.HomepageTest@2d52216b]" started-at="2024-01-10T01:45:52 CST" name="setup" finished-at="2024-01-10T01:45:58 CST" duration-ms="6117" status="PASS">
          <reporter-output>
          </reporter-output>
        </test-method> <!-- setup -->
        <test-method signature="homepageLinksVerifaction()[pri:0, instance:com.qa.TN.Testcases.HomepageTest@2d52216b]" started-at="2024-01-10T01:45:58 CST" name="homepageLinksVerifaction" finished-at="2024-01-10T01:46:00 CST" duration-ms="1681" status="PASS">
          <reporter-output>
          </reporter-output>
        </test-method> <!-- homepageLinksVerifaction -->
      </class> <!-- com.qa.TN.Testcases.HomepageTest -->
    </test> <!-- Default test -->
  </suite> <!-- Default suite -->
</testng-results>
